0 info it worked if it ends with ok
1 verbose cli [ 'C:\\Program Files\\nodejs\\node.exe',
1 verbose cli   'C:\\Program Files\\nodejs\\node_modules\\npm\\bin\\npm-cli.js',
1 verbose cli   'run',
1 verbose cli   'production' ]
2 info using npm@3.10.10
3 info using node@v6.11.3
4 verbose run-script [ 'preproduction', 'production', 'postproduction' ]
5 info lifecycle @~preproduction: @
6 silly lifecycle @~preproduction: no script for preproduction, continuing
7 info lifecycle @~production: @
8 verbose lifecycle @~production: unsafe-perm in lifecycle true
9 verbose lifecycle @~production: PATH: C:\Program Files\nodejs\node_modules\npm\bin\node-gyp-bin;D:\Web\voyager\node_modules\.bin;D:\tbuild\ThirdParty\Perl\site\bin;D:\tbuild\ThirdParty\Perl\bin;C:\ProgramData\Oracle\Java\javapath;C:\Windows\system32;C:\Windows;C:\Windows\System32\Wbem;C:\Windows\System32\WindowsPowerShell\v1.0\;C:\Program Files (x86)\NVIDIA Corporation\PhysX\Common;C:\Users\wpmagic\.dnx\bin;C:\Program Files\Microsoft DNX\Dnvm\;C:\Program Files\Microsoft SQL Server\120\Tools\Binn\;D:\php\php-7.2.5-Win32-VC15-x64;C:\ProgramData\ComposerSetup\bin;C:\Program Files (x86)\Bitvise SSH Client;C:\Program Files\OpenVPN\bin;C:\Program Files (x86)\Skype\Phone\;C:\Program Files\nodejs\;D:\androidsdk\platform-tools;C:\Program Files (x86)\Java\jdk1.8.0_31;C:\ProgramData\chocolatey\bin;C:\Ruby24-x64\bin;C:\OpenSSL-Win32\bin;C:\Program Files (x86)\GnuWin32\bin;C:\Program Files (x86)\Windows Kits\8.1\Windows Performance Toolkit\;C:\Program Files\CMake\bin;C:\Program Files (x86)\Windows Kits\10\Windows Performance Toolkit\;C:\Program Files\Git\cmd;D:\qpm;C:\Users\wpmagic\AppData\Local\Programs\Python\Python36-32\Scripts\;C:\Users\wpmagic\AppData\Local\Programs\Python\Python36-32\;C:\Users\wpmagic\.cargo\bin;C:\Users\wpmagic\AppData\Local\Microsoft\WindowsApps;C:\Users\wpmagic\AppData\Local\GitHubDesktop\bin;C:\Users\wpmagic\AppData\Roaming\Composer\vendor\bin;C:\Users\wpmagic\AppData\Roaming\npm;C:\Program Files\Microsoft VS Code\bin
10 verbose lifecycle @~production: CWD: D:\Web\voyager
11 silly lifecycle @~production: Args: [ '/d /s /c',
11 silly lifecycle   'cross-env NODE_ENV=production node_modules/webpack/bin/webpack.js --progress --hide-modules --config=node_modules/laravel-mix/setup/webpack.config.js' ]
12 silly lifecycle @~production: Returned: code: 1  signal: null
13 info lifecycle @~production: Failed to exec production script
14 verbose stack Error: @ production: `cross-env NODE_ENV=production node_modules/webpack/bin/webpack.js --progress --hide-modules --config=node_modules/laravel-mix/setup/webpack.config.js`
14 verbose stack Exit status 1
14 verbose stack     at EventEmitter.<anonymous> (C:\Program Files\nodejs\node_modules\npm\lib\utils\lifecycle.js:255:16)
14 verbose stack     at emitTwo (events.js:106:13)
14 verbose stack     at EventEmitter.emit (events.js:191:7)
14 verbose stack     at ChildProcess.<anonymous> (C:\Program Files\nodejs\node_modules\npm\lib\utils\spawn.js:40:14)
14 verbose stack     at emitTwo (events.js:106:13)
14 verbose stack     at ChildProcess.emit (events.js:191:7)
14 verbose stack     at maybeClose (internal/child_process.js:920:16)
14 verbose stack     at Process.ChildProcess._handle.onexit (internal/child_process.js:230:5)
15 verbose pkgid @
16 verbose cwd D:\Web\voyager
17 error Windows_NT 10.0.15063
18 error argv "C:\\Program Files\\nodejs\\node.exe" "C:\\Program Files\\nodejs\\node_modules\\npm\\bin\\npm-cli.js" "run" "production"
19 error node v6.11.3
20 error npm  v3.10.10
21 error code ELIFECYCLE
22 error @ production: `cross-env NODE_ENV=production node_modules/webpack/bin/webpack.js --progress --hide-modules --config=node_modules/laravel-mix/setup/webpack.config.js`
22 error Exit status 1
23 error Failed at the @ production script 'cross-env NODE_ENV=production node_modules/webpack/bin/webpack.js --progress --hide-modules --config=node_modules/laravel-mix/setup/webpack.config.js'.
23 error Make sure you have the latest version of node.js and npm installed.
23 error If you do, this is most likely a problem with the  package,
23 error not with npm itself.
23 error Tell the author that this fails on your system:
23 error     cross-env NODE_ENV=production node_modules/webpack/bin/webpack.js --progress --hide-modules --config=node_modules/laravel-mix/setup/webpack.config.js
23 error You can get information on how to open an issue for this project with:
23 error     npm bugs
23 error Or if that isn't available, you can get their info via:
23 error     npm owner ls
23 error There is likely additional logging output above.
24 verbose exit [ 1, true ]
